<?xml version="1.0" encoding="UTF-8"?>
<testng-results ignored="0" total="0" passed="0" failed="0" skipped="0">
  <reporter-output>
  </reporter-output>
  <suite started-at="2025-04-06T01:58:06 IST" name="Suite" finished-at="2025-04-06T01:58:06 IST" duration-ms="179">
    <groups>
    </groups>
    <test started-at="2025-04-06T01:58:06 IST" name="Test" finished-at="2025-04-06T01:58:06 IST" duration-ms="179">
      <class name="Organization.CreateOrganizationTest">
        <test-method is-config="true" signature="bs()[pri:0, instance:Organization.CreateOrganizationTest@7e07db1f]" started-at="2025-04-06T01:58:06 IST" name="bs" finished-at="2025-04-06T01:58:06 IST" duration-ms="11" status="PASS">
          <reporter-output>
          </reporter-output>
        </test-method> <!-- bs -->
        <test-method is-config="true" signature="bt()[pri:0, instance:Organization.CreateOrganizationTest@7e07db1f]" started-at="2025-04-06T01:58:06 IST" name="bt" finished-at="2025-04-06T01:58:06 IST" duration-ms="0" status="PASS">
          <reporter-output>
          </reporter-output>
        </test-method> <!-- bt -->
        <test-method is-config="true" signature="at()[pri:0, instance:Organization.CreateOrganizationTest@7e07db1f]" started-at="2025-04-06T01:58:06 IST" name="at" finished-at="2025-04-06T01:58:06 IST" duration-ms="1" status="PASS">
          <reporter-output>
          </reporter-output>
        </test-method> <!-- at -->
        <test-method is-config="true" signature="as()[pri:0, instance:Organization.CreateOrganizationTest@7e07db1f]" started-at="2025-04-06T01:58:06 IST" name="as" finished-at="2025-04-06T01:58:06 IST" duration-ms="334" status="PASS">
          <reporter-output>
          </reporter-output>
        </test-method> <!-- as -->
      </class> <!-- Organization.CreateOrganizationTest -->
    </test> <!-- Test -->
  </suite> <!-- Suite -->
</testng-results>
